<?xml version="1.0" encoding="UTF-8"?>
<!-- Generated by org.testng.reporters.JUnitReportReporter -->
<testsuite hostname="LAPTOP-F8FEIEU7" failures="0" tests="1" name="PracticeTest.CreateOrgTestWithIndAndType" time="56.903" errors="0" timestamp="2021-12-27T20:20:50 IST" skipped="0">
  <testcase classname="PracticeTest.CreateOrgTestWithIndAndType" name="CreateOrgWithind" time="56.903"/>
  <system-out/>
</testsuite> <!-- PracticeTest.CreateOrgTestWithIndAndType -->
