<?xml version="1.0" encoding="UTF-8"?>
<!-- Generated by org.testng.reporters.JUnitReportReporter -->
<testsuite hostname="LAPTOP-F8FEIEU7" failures="0" tests="1" name="com.crm.autodesk.contact.CreateContactsTest" time="54.406" errors="0" timestamp="2021-12-28T22:30:45 IST" skipped="0">
  <testcase classname="com.crm.autodesk.contact.CreateContactsTest" name="CreateContactTest" time="54.406"/>
  <system-out/>
</testsuite> <!-- com.crm.autodesk.contact.CreateContactsTest -->
