<?xml version="1.0" encoding="UTF-8"?>
<!-- Generated by org.testng.reporters.JUnitReportReporter -->
<testsuite hostname="LAPTOP-F8FEIEU7" failures="0" tests="1" name="PracticeTest.CreateContactsTest" time="71.853" errors="0" timestamp="2021-12-30T17:54:36 IST" skipped="0">
  <testcase classname="PracticeTest.CreateContactsTest" name="CreateContactTest" time="71.853"/>
  <system-out/>
</testsuite> <!-- PracticeTest.CreateContactsTest -->
