<?xml version="1.0" encoding="UTF-8"?>
<!-- Generated by org.testng.reporters.JUnitReportReporter -->
<testsuite hostname="LAPTOP-F8FEIEU7" failures="0" tests="1" name="PracticeTest.CreateOrganizationTest" time="63.164" errors="0" timestamp="2021-12-29T14:48:39 IST" skipped="0">
  <testcase classname="PracticeTest.CreateOrganizationTest" name="createOrgTest" time="63.164"/>
  <system-out/>
</testsuite> <!-- PracticeTest.CreateOrganizationTest -->
